2017-11-05T21:30:41.452Z - info: [0mGET / [32m200 [0m32.013 ms - -[0m

2017-11-05T21:30:41.750Z - info: [0mGET /lib/bootstrap/dist/css/bootstrap-theme.css [32m200 [0m1.198 ms - -[0m

2017-11-05T21:30:41.754Z - info: [0mGET /lib/angular-ui-notification/dist/angular-ui-notification.css [32m200 [0m3.646 ms - -[0m

2017-11-05T21:30:41.760Z - info: [0mGET /lib/bootstrap/dist/css/bootstrap.css [32m200 [0m5.667 ms - -[0m

2017-11-05T21:30:41.768Z - info: [0mGET /modules/chat/client/css/chat.css [32m200 [0m1.910 ms - 252[0m

2017-11-05T21:30:41.775Z - info: [0mGET /modules/core/client/css/core.css [32m200 [0m1.975 ms - 715[0m

2017-11-05T21:30:41.781Z - info: [0mGET /modules/users/client/css/users.css [32m200 [0m0.958 ms - 510[0m

2017-11-05T21:30:41.819Z - info: [0mGET /lib/angular-messages/angular-messages.js [32m200 [0m1.488 ms - -[0m

2017-11-05T21:30:41.834Z - info: [0mGET /lib/angular-animate/angular-animate.js [32m200 [0m1.543 ms - -[0m

2017-11-05T21:30:41.845Z - info: [0mGET /lib/ng-file-upload/ng-file-upload.js [32m200 [0m8.727 ms - -[0m

2017-11-05T21:30:41.865Z - info: [0mGET /lib/angular-mocks/angular-mocks.js [32m200 [0m12.065 ms - -[0m

2017-11-05T21:30:41.879Z - info: [0mGET /lib/angular-ui-notification/dist/angular-ui-notification.js [32m200 [0m16.763 ms - -[0m

2017-11-05T21:30:41.880Z - info: [0mGET /lib/angular-resource/angular-resource.js [32m200 [0m25.195 ms - -[0m

2017-11-05T21:30:41.888Z - info: [0mGET /lib/owasp-password-strength-test/owasp-password-strength-test.js [32m200 [0m1.135 ms - -[0m

2017-11-05T21:30:41.920Z - info: [0mGET /modules/core/client/app/config.js [32m200 [0m22.929 ms - -[0m

2017-11-05T21:30:41.922Z - info: [0mGET /lib/angular-bootstrap/ui-bootstrap-tpls.js [32m200 [0m1.686 ms - -[0m

2017-11-05T21:30:41.932Z - info: [0mGET /modules/core/client/app/init.js [32m200 [0m4.712 ms - -[0m

2017-11-05T21:30:41.933Z - info: [0mGET /modules/articles/client/articles.client.module.js [32m200 [0m9.694 ms - 471[0m

2017-11-05T21:30:41.937Z - info: [0mGET /modules/chat/client/chat.client.module.js [32m200 [0m4.327 ms - 172[0m

2017-11-05T21:30:41.941Z - info: [0mGET /lib/angular-ui-router/release/angular-ui-router.js [32m200 [0m17.460 ms - -[0m

2017-11-05T21:30:41.943Z - info: [0mGET /modules/core/client/core.client.module.js [32m200 [0m7.785 ms - 251[0m

2017-11-05T21:30:41.949Z - info: [0mGET /modules/users/client/users.client.module.js [32m200 [0m9.494 ms - 385[0m

2017-11-05T21:30:41.950Z - info: [0mGET /modules/articles/client/config/articles-admin.client.config.js [32m200 [0m6.013 ms - 344[0m

2017-11-05T21:30:41.955Z - info: [0mGET /modules/articles/client/config/articles-admin.client.routes.js [32m200 [0m7.752 ms - -[0m

2017-11-05T21:30:41.956Z - info: [0mGET /modules/articles/client/config/articles.client.menus.js [32m200 [0m5.081 ms - 495[0m

2017-11-05T21:30:41.959Z - info: [0mGET /modules/articles/client/config/articles.client.routes.js [32m200 [0m5.360 ms - -[0m

2017-11-05T21:30:41.962Z - info: [0mGET /modules/articles/client/controllers/admin/article.client.controller.js [32m200 [0m2.827 ms - -[0m

2017-11-05T21:30:41.963Z - info: [0mGET /modules/articles/client/controllers/admin/list-articles.client.controller.js [32m200 [0m3.271 ms - 346[0m

2017-11-05T21:30:41.970Z - info: [0mGET /modules/articles/client/controllers/articles.client.controller.js [32m200 [0m4.919 ms - 368[0m

2017-11-05T21:30:41.984Z - info: [0mGET /modules/articles/client/controllers/list-articles.client.controller.js [32m200 [0m12.381 ms - 317[0m

2017-11-05T21:30:41.991Z - info: [0mGET /modules/chat/client/config/chat.client.menus.js [32m200 [0m6.603 ms - 292[0m

2017-11-05T21:30:41.992Z - info: [0mGET /modules/articles/client/services/articles.client.service.js [32m200 [0m3.671 ms - -[0m

2017-11-05T21:30:41.998Z - info: [0mGET /modules/chat/client/config/chat.client.routes.js [32m200 [0m3.138 ms - 466[0m

2017-11-05T21:30:41.999Z - info: [0mGET /modules/chat/client/controllers/chat.client.controller.js [32m200 [0m3.043 ms - -[0m

2017-11-05T21:30:42.006Z - info: [0mGET /modules/core/client/config/core-admin.client.routes.js [32m200 [0m1.945 ms - 383[0m

2017-11-05T21:30:42.007Z - info: [0mGET /modules/core/client/config/core-admin.client.menus.js [32m200 [0m4.044 ms - 318[0m

2017-11-05T21:30:42.012Z - info: [0mGET /modules/core/client/config/core.client.menus.js [32m200 [0m4.635 ms - 905[0m

2017-11-05T21:30:42.016Z - info: [0mGET /modules/core/client/config/core.client.route-filter.js [32m200 [0m4.277 ms - -[0m

2017-11-05T21:30:42.017Z - info: [0mGET /modules/core/client/config/core.client.routes.js [32m200 [0m5.001 ms - -[0m

2017-11-05T21:30:42.018Z - info: [0mGET /modules/core/client/controllers/error.client.controller.js [32m200 [0m3.873 ms - 379[0m

2017-11-05T21:30:42.024Z - info: [0mGET /modules/core/client/controllers/header.client.controller.js [32m200 [0m4.116 ms - 662[0m

2017-11-05T21:30:42.032Z - info: [0mGET /modules/core/client/controllers/home.client.controller.js [32m200 [0m5.646 ms - 173[0m

2017-11-05T21:30:42.034Z - info: [0mGET /modules/core/client/directives/auto-focus.client.directive.js [32m200 [0m1.255 ms - 683[0m

2017-11-05T21:30:42.038Z - info: [0mGET /modules/core/client/directives/page-title.client.directive.js [32m200 [0m1.889 ms - -[0m

2017-11-05T21:30:42.039Z - info: [0mGET /modules/core/client/directives/show-errors.client.directive.js [32m200 [0m2.423 ms - -[0m

2017-11-05T21:30:42.061Z - info: [0mGET /modules/core/client/services/interceptors/auth-interceptor.client.service.js [32m200 [0m11.843 ms - -[0m

2017-11-05T21:30:42.064Z - info: [0mGET /modules/core/client/services/menu.client.service.js [32m200 [0m2.682 ms - -[0m

2017-11-05T21:30:42.064Z - info: [0mGET /modules/core/client/services/socket.io.client.service.js [32m200 [0m2.980 ms - -[0m

2017-11-05T21:30:42.086Z - info: [0mGET /modules/users/client/config/users-admin.client.menus.js [32m200 [0m3.020 ms - 330[0m

2017-11-05T21:30:42.088Z - info: [0mGET /modules/users/client/config/users-admin.client.routes.js [32m200 [0m3.179 ms - -[0m

2017-11-05T21:30:42.091Z - info: [0mGET /modules/users/client/config/users.client.routes.js [32m200 [0m1.751 ms - -[0m

2017-11-05T21:30:42.114Z - info: [0mGET /lib/angular/angular.js [32m200 [0m1.389 ms - -[0m

2017-11-05T21:30:42.115Z - info: [0mGET /modules/users/client/controllers/admin/list-users.client.controller.js [32m200 [0m4.948 ms - -[0m

2017-11-05T21:30:42.116Z - info: [0mGET /modules/users/client/controllers/authentication.client.controller.js [32m200 [0m3.887 ms - -[0m

2017-11-05T21:30:42.117Z - info: [0mGET /modules/users/client/controllers/admin/user.client.controller.js [32m200 [0m5.868 ms - -[0m

2017-11-05T21:30:42.118Z - info: [0mGET /modules/users/client/controllers/password.client.controller.js [32m200 [0m1.937 ms - -[0m

2017-11-05T21:30:42.138Z - info: [0mGET /modules/users/client/controllers/settings/change-password.client.controller.js [32m200 [0m1.899 ms - -[0m

2017-11-05T21:30:42.138Z - info: [0mGET /modules/users/client/controllers/settings/change-profile-picture.client.controller.js [32m200 [0m1.549 ms - -[0m

2017-11-05T21:30:42.157Z - info: [0mGET /modules/users/client/controllers/settings/edit-profile.client.controller.js [32m200 [0m0.883 ms - -[0m

2017-11-05T21:30:42.165Z - info: [0mGET /modules/users/client/controllers/settings/settings.client.controller.js [32m200 [0m1.722 ms - 306[0m

2017-11-05T21:30:42.167Z - info: [0mGET /modules/users/client/controllers/settings/manage-social-accounts.client.controller.js [32m200 [0m1.835 ms - -[0m

2017-11-05T21:30:42.169Z - info: [0mGET /modules/users/client/directives/password-validator.client.directive.js [32m200 [0m2.620 ms - -[0m

2017-11-05T21:30:42.172Z - info: [0mGET /modules/users/client/directives/password-verify.client.directive.js [32m200 [0m5.129 ms - 821[0m

2017-11-05T21:30:42.175Z - info: [0mGET /modules/users/client/directives/users.client.directive.js [32m200 [0m1.344 ms - 507[0m

2017-11-05T21:30:42.177Z - info: [0mGET /modules/users/client/services/authentication.client.service.js [32m200 [0m1.135 ms - 324[0m

2017-11-05T21:30:42.179Z - info: [0mGET /modules/users/client/services/password-validator.client.service.js [32m200 [0m0.959 ms - 859[0m

2017-11-05T21:30:42.183Z - info: [0mGET /modules/core/client/img/brand/favicon.ico [32m200 [0m2.143 ms - 32038[0m

2017-11-05T21:30:42.183Z - info: [0mGET /modules/users/client/services/users.client.service.js [32m200 [0m1.875 ms - -[0m

2017-11-05T21:30:42.391Z - info: [0mGET /modules/core/client/views/header.client.view.html [32m200 [0m3.136 ms - -[0m

2017-11-05T21:30:42.399Z - info: [0mGET /modules/core/client/views/home.client.view.html [32m200 [0m1.108 ms - -[0m

2017-11-05T21:30:42.505Z - info: [0mGET /modules/core/client/img/brand/logo.png [32m200 [0m1.186 ms - 14055[0m

2017-11-05T21:31:13.551Z - info: [0mGET /modules/users/client/views/authentication/authentication.client.view.html [32m200 [0m3.711 ms - -[0m

2017-11-05T21:31:13.590Z - info: [0mGET /modules/users/client/views/authentication/signup.client.view.html [32m200 [0m2.584 ms - -[0m

2017-11-05T21:31:13.774Z - info: [0mGET /modules/users/client/img/buttons/facebook.png [32m200 [0m1.168 ms - 1360[0m

2017-11-05T21:31:13.808Z - info: [0mGET /modules/users/client/img/buttons/google.png [32m200 [0m11.159 ms - 4458[0m

2017-11-05T21:31:13.809Z - info: [0mGET /modules/users/client/img/buttons/linkedin.png [32m200 [0m10.474 ms - 1829[0m

2017-11-05T21:31:13.810Z - info: [0mGET /modules/users/client/img/buttons/twitter.png [32m200 [0m15.509 ms - 2379[0m

2017-11-05T21:31:13.812Z - info: [0mGET /modules/users/client/img/buttons/paypal.png [32m200 [0m9.611 ms - 5925[0m

2017-11-05T21:31:13.814Z - info: [0mGET /modules/users/client/img/buttons/github.png [32m200 [0m9.366 ms - 1861[0m

2017-11-05T21:31:34.924Z - info: [0mGET /api/auth/google?redirect_to=%2F [36m302 [0m10.826 ms - 0[0m

2017-11-05T21:31:41.101Z - info: [0mGET /authentication/signup [32m200 [0m12.018 ms - -[0m

2017-11-05T21:31:41.471Z - info: [0mGET /modules/chat/client/css/chat.css [36m304 [0m1.434 ms - -[0m

2017-11-05T21:31:41.473Z - info: [0mGET /modules/core/client/css/core.css [36m304 [0m1.129 ms - -[0m

2017-11-05T21:31:41.474Z - info: [0mGET /modules/users/client/css/users.css [36m304 [0m1.283 ms - -[0m

2017-11-05T21:31:41.496Z - info: [0mGET /modules/core/client/app/config.js [36m304 [0m1.420 ms - -[0m

2017-11-05T21:31:41.500Z - info: [0mGET /modules/articles/client/articles.client.module.js [36m304 [0m1.255 ms - -[0m

2017-11-05T21:31:41.502Z - info: [0mGET /modules/core/client/app/init.js [36m304 [0m3.830 ms - -[0m

2017-11-05T21:31:41.504Z - info: [0mGET /modules/chat/client/chat.client.module.js [36m304 [0m1.304 ms - -[0m

2017-11-05T21:31:41.505Z - info: [0mGET /modules/core/client/core.client.module.js [36m304 [0m1.343 ms - -[0m

2017-11-05T21:31:41.529Z - info: [0mGET /modules/users/client/users.client.module.js [36m304 [0m0.835 ms - -[0m

2017-11-05T21:31:41.531Z - info: [0mGET /modules/articles/client/config/articles-admin.client.config.js [36m304 [0m0.876 ms - -[0m

2017-11-05T21:31:41.535Z - info: [0mGET /modules/articles/client/config/articles-admin.client.routes.js [36m304 [0m0.903 ms - -[0m

2017-11-05T21:31:41.536Z - info: [0mGET /modules/articles/client/config/articles.client.menus.js [36m304 [0m0.742 ms - -[0m

2017-11-05T21:31:41.540Z - info: [0mGET /modules/articles/client/config/articles.client.routes.js [36m304 [0m1.354 ms - -[0m

2017-11-05T21:31:41.541Z - info: [0mGET /modules/articles/client/controllers/admin/article.client.controller.js [36m304 [0m1.455 ms - -[0m

2017-11-05T21:31:41.544Z - info: [0mGET /modules/articles/client/controllers/admin/list-articles.client.controller.js [36m304 [0m0.785 ms - -[0m

2017-11-05T21:31:41.548Z - info: [0mGET /modules/articles/client/controllers/articles.client.controller.js [36m304 [0m0.849 ms - -[0m

2017-11-05T21:31:41.558Z - info: [0mGET /modules/articles/client/controllers/list-articles.client.controller.js [36m304 [0m2.180 ms - -[0m

2017-11-05T21:31:41.560Z - info: [0mGET /modules/articles/client/services/articles.client.service.js [36m304 [0m3.216 ms - -[0m

2017-11-05T21:31:41.563Z - info: [0mGET /modules/chat/client/config/chat.client.menus.js [36m304 [0m5.923 ms - -[0m

2017-11-05T21:31:41.565Z - info: [0mGET /modules/chat/client/controllers/chat.client.controller.js [36m304 [0m3.992 ms - -[0m

2017-11-05T21:31:41.565Z - info: [0mGET /modules/chat/client/config/chat.client.routes.js [36m304 [0m4.961 ms - -[0m

2017-11-05T21:31:41.566Z - info: [0mGET /modules/core/client/config/core-admin.client.menus.js [36m304 [0m4.510 ms - -[0m

2017-11-05T21:31:41.567Z - info: [0mGET /modules/core/client/img/brand/favicon.ico [36m304 [0m2.771 ms - -[0m

2017-11-05T21:31:41.568Z - info: [0mGET /modules/core/client/config/core-admin.client.routes.js [36m304 [0m3.231 ms - -[0m

2017-11-05T21:31:41.575Z - info: [0mGET /modules/core/client/config/core.client.menus.js [36m304 [0m2.304 ms - -[0m

2017-11-05T21:31:41.576Z - info: [0mGET /modules/core/client/config/core.client.route-filter.js [36m304 [0m2.621 ms - -[0m

2017-11-05T21:31:41.577Z - info: [0mGET /modules/core/client/config/core.client.routes.js [36m304 [0m2.471 ms - -[0m

2017-11-05T21:31:41.577Z - info: [0mGET /modules/core/client/controllers/error.client.controller.js [36m304 [0m2.437 ms - -[0m

2017-11-05T21:31:41.591Z - info: [0mGET /modules/core/client/controllers/header.client.controller.js [36m304 [0m7.779 ms - -[0m

2017-11-05T21:31:41.591Z - info: [0mGET /modules/core/client/controllers/home.client.controller.js [36m304 [0m7.833 ms - -[0m

2017-11-05T21:31:41.593Z - info: [0mGET /modules/core/client/directives/auto-focus.client.directive.js [36m304 [0m8.090 ms - -[0m

2017-11-05T21:31:41.593Z - info: [0mGET /modules/core/client/directives/page-title.client.directive.js [36m304 [0m7.373 ms - -[0m

2017-11-05T21:31:41.594Z - info: [0mGET /modules/core/client/directives/show-errors.client.directive.js [36m304 [0m6.438 ms - -[0m

2017-11-05T21:31:41.605Z - info: [0mGET /modules/core/client/services/interceptors/auth-interceptor.client.service.js [36m304 [0m2.233 ms - -[0m

2017-11-05T21:31:41.606Z - info: [0mGET /modules/core/client/services/menu.client.service.js [36m304 [0m1.709 ms - -[0m

2017-11-05T21:31:41.621Z - info: [0mGET /modules/core/client/services/socket.io.client.service.js [36m304 [0m2.714 ms - -[0m

2017-11-05T21:31:41.622Z - info: [0mGET /modules/users/client/config/users-admin.client.menus.js [36m304 [0m3.371 ms - -[0m

2017-11-05T21:31:41.623Z - info: [0mGET /modules/users/client/config/users-admin.client.routes.js [36m304 [0m3.408 ms - -[0m

2017-11-05T21:31:41.623Z - info: [0mGET /modules/users/client/config/users.client.routes.js [36m304 [0m3.387 ms - -[0m

2017-11-05T21:31:41.628Z - info: [0mGET /modules/users/client/controllers/admin/list-users.client.controller.js [36m304 [0m5.606 ms - -[0m

2017-11-05T21:31:41.628Z - info: [0mGET /modules/users/client/controllers/admin/user.client.controller.js [36m304 [0m4.172 ms - -[0m

2017-11-05T21:31:41.629Z - info: [0mGET /modules/users/client/controllers/authentication.client.controller.js [36m304 [0m4.186 ms - -[0m

2017-11-05T21:31:41.630Z - info: [0mGET /modules/users/client/controllers/settings/change-password.client.controller.js [36m304 [0m3.731 ms - -[0m

2017-11-05T21:31:41.630Z - info: [0mGET /modules/users/client/controllers/password.client.controller.js [36m304 [0m4.784 ms - -[0m

2017-11-05T21:31:41.635Z - info: [0mGET /modules/users/client/controllers/settings/change-profile-picture.client.controller.js [36m304 [0m8.023 ms - -[0m

2017-11-05T21:31:41.648Z - info: [0mGET /modules/users/client/controllers/settings/edit-profile.client.controller.js [36m304 [0m16.737 ms - -[0m

2017-11-05T21:31:41.648Z - info: [0mGET /modules/users/client/controllers/settings/manage-social-accounts.client.controller.js [36m304 [0m15.888 ms - -[0m

2017-11-05T21:31:41.650Z - info: [0mGET /modules/users/client/controllers/settings/settings.client.controller.js [36m304 [0m16.895 ms - -[0m

2017-11-05T21:31:41.650Z - info: [0mGET /modules/users/client/directives/password-validator.client.directive.js [36m304 [0m14.766 ms - -[0m

2017-11-05T21:31:41.651Z - info: [0mGET /modules/users/client/directives/password-verify.client.directive.js [36m304 [0m4.006 ms - -[0m

2017-11-05T21:31:41.654Z - info: [0mGET /modules/users/client/directives/users.client.directive.js [36m304 [0m4.958 ms - -[0m

2017-11-05T21:31:41.656Z - info: [0mGET /modules/users/client/services/authentication.client.service.js [36m304 [0m2.333 ms - -[0m

2017-11-05T21:31:41.656Z - info: [0mGET /modules/users/client/services/password-validator.client.service.js [36m304 [0m2.268 ms - -[0m

2017-11-05T21:31:41.657Z - info: [0mGET /modules/users/client/services/users.client.service.js [36m304 [0m1.713 ms - -[0m

2017-11-05T21:31:42.047Z - info: [0mGET /modules/core/client/views/header.client.view.html [36m304 [0m0.830 ms - -[0m

2017-11-05T21:31:42.064Z - info: [0mGET /modules/users/client/views/authentication/authentication.client.view.html [36m304 [0m0.784 ms - -[0m

2017-11-05T21:31:42.173Z - info: [0mGET /modules/users/client/views/authentication/signup.client.view.html [36m304 [0m0.711 ms - -[0m

2017-11-05T21:31:42.274Z - info: [0mGET /modules/users/client/img/buttons/facebook.png [36m304 [0m0.909 ms - -[0m

2017-11-05T21:31:42.293Z - info: [0mGET /modules/users/client/img/buttons/twitter.png [36m304 [0m0.703 ms - -[0m

2017-11-05T21:31:42.296Z - info: [0mGET /modules/users/client/img/buttons/google.png [36m304 [0m0.798 ms - -[0m

2017-11-05T21:31:42.298Z - info: [0mGET /modules/users/client/img/buttons/linkedin.png [36m304 [0m0.765 ms - -[0m

2017-11-05T21:31:42.303Z - info: [0mGET /modules/users/client/img/buttons/github.png [36m304 [0m0.803 ms - -[0m

2017-11-05T21:31:42.304Z - info: [0mGET /modules/users/client/img/buttons/paypal.png [36m304 [0m0.609 ms - -[0m

2017-11-05T21:31:43.604Z - info: [0mGET /modules/core/client/views/home.client.view.html [36m304 [0m0.992 ms - -[0m

2017-11-05T21:31:43.626Z - info: [0mGET /modules/core/client/img/brand/logo.png [36m304 [0m0.957 ms - -[0m

